<?xml version="1.0" encoding="UTF-8"?>
<!-- Generated by org.testng.reporters.JUnitXMLReporter -->
<testsuite ignored="0" hostname="LAPTOP-E6SRQGTN" failures="0" tests="2" name="Error Validation Test" time="18.214" errors="0" timestamp="2022-10-16T12:05:57 IST">
  <testcase classname="KamalIndustries.Tests.ErrorValidationsTest" name="loginErrorValidation" time="0.466"/>
  <testcase classname="KamalIndustries.Tests.ErrorValidationsTest" name="productErrorValidation" time="13.679"/>
</testsuite> <!-- Error Validation Test -->
