<?xml version="1.0" encoding="UTF-8"?>
<!-- Generated by org.testng.reporters.JUnitXMLReporter -->
<testsuite ignored="0" hostname="LAPTOP-E6SRQGTN" failures="0" tests="3" name="Submit Order Test" time="38.949" errors="0" timestamp="2022-10-16T12:05:39 IST">
  <testcase classname="KamalIndustries.Tests.submitOrderTest" name="submitOrder" time="14.662"/>
  <testcase classname="KamalIndustries.Tests.submitOrderTest" name="submitOrder" time="14.936"/>
  <testcase classname="KamalIndustries.Tests.submitOrderTest" name="orderHistoryTest" time="0.772"/>
</testsuite> <!-- Submit Order Test -->
