<?xml version="1.0" encoding="UTF-8"?>
<testng-results ignored="0" total="5" passed="5" failed="0" skipped="0">
  <reporter-output>
  </reporter-output>
  <suite started-at="2022-10-16T12:05:00 IST" name="Suite" finished-at="2022-10-16T12:05:57 IST" duration-ms="57210">
    <groups>
      <group name="ErrorHandling">
        <method signature="ErrorValidationsTest.loginErrorValidation()[pri:0, instance:KamalIndustries.Tests.ErrorValidationsTest@33d512c1]" name="loginErrorValidation" class="KamalIndustries.Tests.ErrorValidationsTest"/>
      </group> <!-- ErrorHandling -->
      <group name="purchase">
        <method signature="submitOrderTest.submitOrder(java.util.HashMap)[pri:0, instance:KamalIndustries.Tests.submitOrderTest@72d1ad2e]" name="submitOrder" class="KamalIndustries.Tests.submitOrderTest"/>
      </group> <!-- purchase -->
    </groups>
    <test started-at="2022-10-16T12:05:00 IST" name="Submit Order Test" finished-at="2022-10-16T12:05:39 IST" duration-ms="38949">
      <class name="KamalIndustries.Tests.submitOrderTest">
        <test-method is-config="true" signature="launchApplication()[pri:0, instance:KamalIndustries.Tests.submitOrderTest@72d1ad2e]" started-at="2022-10-16T12:05:00 IST" name="launchApplication" finished-at="2022-10-16T12:05:04 IST" duration-ms="3337" status="PASS">
          <reporter-output>
          </reporter-output>
        </test-method> <!-- launchApplication -->
        <test-method signature="submitOrder(java.util.HashMap)[pri:0, instance:KamalIndustries.Tests.submitOrderTest@72d1ad2e]" started-at="2022-10-16T12:05:04 IST" name="submitOrder" data-provider="getData" finished-at="2022-10-16T12:05:18 IST" duration-ms="14662" status="PASS">
          <params>
            <param index="0">
              <value>
                <![CDATA[{password=Password1*, email=kamalnath121998@gmail.com, productName=zara coat 3}]]>
              </value>
            </param>
          </params>
          <reporter-output>
          </reporter-output>
        </test-method> <!-- submitOrder -->
        <test-method is-config="true" signature="tearDown()[pri:0, instance:KamalIndustries.Tests.submitOrderTest@72d1ad2e]" started-at="2022-10-16T12:05:19 IST" name="tearDown" finished-at="2022-10-16T12:05:19 IST" duration-ms="323" status="PASS">
          <reporter-output>
          </reporter-output>
        </test-method> <!-- tearDown -->
        <test-method is-config="true" signature="launchApplication()[pri:0, instance:KamalIndustries.Tests.submitOrderTest@72d1ad2e]" started-at="2022-10-16T12:05:19 IST" name="launchApplication" finished-at="2022-10-16T12:05:21 IST" duration-ms="1998" status="PASS">
          <reporter-output>
          </reporter-output>
        </test-method> <!-- launchApplication -->
        <test-method signature="submitOrder(java.util.HashMap)[pri:0, instance:KamalIndustries.Tests.submitOrderTest@72d1ad2e]" started-at="2022-10-16T12:05:21 IST" name="submitOrder" data-provider="getData" finished-at="2022-10-16T12:05:36 IST" duration-ms="14936" status="PASS">
          <params>
            <param index="0">
              <value>
                <![CDATA[{password=Password23$, email=kamalnath199812@gmail.com, productName=ADIDAS ORIGINAL}]]>
              </value>
            </param>
          </params>
          <reporter-output>
          </reporter-output>
        </test-method> <!-- submitOrder -->
        <test-method is-config="true" signature="tearDown()[pri:0, instance:KamalIndustries.Tests.submitOrderTest@72d1ad2e]" started-at="2022-10-16T12:05:36 IST" name="tearDown" finished-at="2022-10-16T12:05:36 IST" duration-ms="324" status="PASS">
          <reporter-output>
          </reporter-output>
        </test-method> <!-- tearDown -->
        <test-method is-config="true" signature="launchApplication()[pri:0, instance:KamalIndustries.Tests.submitOrderTest@72d1ad2e]" started-at="2022-10-16T12:05:36 IST" name="launchApplication" finished-at="2022-10-16T12:05:38 IST" duration-ms="2079" status="PASS">
          <reporter-output>
          </reporter-output>
        </test-method> <!-- launchApplication -->
        <test-method signature="orderHistoryTest()[pri:0, instance:KamalIndustries.Tests.submitOrderTest@72d1ad2e]" started-at="2022-10-16T12:05:38 IST" name="orderHistoryTest" finished-at="2022-10-16T12:05:39 IST" depends-on-methods="KamalIndustries.Tests.submitOrderTest.submitOrder" duration-ms="772" status="PASS">
          <reporter-output>
          </reporter-output>
        </test-method> <!-- orderHistoryTest -->
        <test-method is-config="true" signature="tearDown()[pri:0, instance:KamalIndustries.Tests.submitOrderTest@72d1ad2e]" started-at="2022-10-16T12:05:39 IST" name="tearDown" finished-at="2022-10-16T12:05:39 IST" duration-ms="134" status="PASS">
          <reporter-output>
          </reporter-output>
        </test-method> <!-- tearDown -->
      </class> <!-- KamalIndustries.Tests.submitOrderTest -->
    </test> <!-- Submit Order Test -->
    <test started-at="2022-10-16T12:05:39 IST" name="Error Validation Test" finished-at="2022-10-16T12:05:57 IST" duration-ms="18214">
      <class name="KamalIndustries.Tests.ErrorValidationsTest">
        <test-method is-config="true" signature="launchApplication()[pri:0, instance:KamalIndustries.Tests.ErrorValidationsTest@33d512c1]" started-at="2022-10-16T12:05:39 IST" name="launchApplication" finished-at="2022-10-16T12:05:41 IST" duration-ms="1929" status="PASS">
          <reporter-output>
          </reporter-output>
        </test-method> <!-- launchApplication -->
        <test-method signature="loginErrorValidation()[pri:0, instance:KamalIndustries.Tests.ErrorValidationsTest@33d512c1]" started-at="2022-10-16T12:05:41 IST" name="loginErrorValidation" finished-at="2022-10-16T12:05:42 IST" duration-ms="466" status="PASS">
          <reporter-output>
          </reporter-output>
        </test-method> <!-- loginErrorValidation -->
        <test-method is-config="true" signature="tearDown()[pri:0, instance:KamalIndustries.Tests.ErrorValidationsTest@33d512c1]" started-at="2022-10-16T12:05:42 IST" name="tearDown" finished-at="2022-10-16T12:05:42 IST" duration-ms="145" status="PASS">
          <reporter-output>
          </reporter-output>
        </test-method> <!-- tearDown -->
        <test-method is-config="true" signature="launchApplication()[pri:0, instance:KamalIndustries.Tests.ErrorValidationsTest@33d512c1]" started-at="2022-10-16T12:05:42 IST" name="launchApplication" finished-at="2022-10-16T12:05:44 IST" duration-ms="1823" status="PASS">
          <reporter-output>
          </reporter-output>
        </test-method> <!-- launchApplication -->
        <test-method signature="productErrorValidation()[pri:0, instance:KamalIndustries.Tests.ErrorValidationsTest@33d512c1]" started-at="2022-10-16T12:05:44 IST" name="productErrorValidation" finished-at="2022-10-16T12:05:57 IST" duration-ms="13679" status="PASS">
          <reporter-output>
          </reporter-output>
        </test-method> <!-- productErrorValidation -->
        <test-method is-config="true" signature="tearDown()[pri:0, instance:KamalIndustries.Tests.ErrorValidationsTest@33d512c1]" started-at="2022-10-16T12:05:57 IST" name="tearDown" finished-at="2022-10-16T12:05:57 IST" duration-ms="166" status="PASS">
          <reporter-output>
          </reporter-output>
        </test-method> <!-- tearDown -->
      </class> <!-- KamalIndustries.Tests.ErrorValidationsTest -->
    </test> <!-- Error Validation Test -->
  </suite> <!-- Suite -->
</testng-results>
